<?xml version="1.0" encoding="UTF-8"?>
<!-- Generated by org.testng.reporters.JUnitReportReporter -->
<testsuite skipped="0" hostname="Ajith-PC" name="testngggggggggggggggpackageeeeeeeeeeeee.PriorityDemo" tests="3" failures="0" timestamp="20 Jan 2019 07:15:22 GMT" time="0.013" errors="0">
  <testcase name="createUser" time="0.010" classname="testngggggggggggggggpackageeeeeeeeeeeee.PriorityDemo"/>
  <testcase name="deleteUser" time="0.001" classname="testngggggggggggggggpackageeeeeeeeeeeee.PriorityDemo"/>
  <testcase name="deleteUser" time="0.002" classname="testngggggggggggggggpackageeeeeeeeeeeee.PriorityDemo"/>
</testsuite> <!-- testngggggggggggggggpackageeeeeeeeeeeee.PriorityDemo -->
