<?xml version="1.0" encoding="UTF-8"?>
<!-- Generated by org.testng.reporters.JUnitReportReporter -->
<testsuite skipped="0" hostname="Ajith-PC" name="RunInMultipleBrowsers_CrossBrowserCompatilbtyTest" tests="1" failures="0" timestamp="26 Jan 2019 08:23:59 GMT" time="21.533" errors="0">
  <testcase name="testLogin" time="21.533" classname="RunInMultipleBrowsers_CrossBrowserCompatilbtyTest"/>
</testsuite> <!-- RunInMultipleBrowsers_CrossBrowserCompatilbtyTest -->
