<?xml version="1.0" encoding="UTF-8"?>
<!-- Generated by org.testng.reporters.JUnitReportReporter -->
<testsuite skipped="0" hostname="Ajith-PC" name="testngggggggggggggggpackageeeeeeeeeeeee.ModularExecutionDemo" tests="2" failures="0" timestamp="20 Jan 2019 09:30:55 GMT" time="0.017" errors="0">
  <testcase name="deleteProduct" time="0.015" classname="testngggggggggggggggpackageeeeeeeeeeeee.ModularExecutionDemo"/>
  <testcase name="editProduct" time="0.002" classname="testngggggggggggggggpackageeeeeeeeeeeee.ModularExecutionDemo"/>
</testsuite> <!-- testngggggggggggggggpackageeeeeeeeeeeee.ModularExecutionDemo -->
