<?xml version="1.0" encoding="UTF-8"?>
<!-- Generated by org.testng.reporters.JUnitReportReporter -->
<testsuite skipped="0" hostname="Ajith-PC" name="testngggggggggggggggpackageeeeeeeeeeeee.PrintB" tests="1" failures="0" timestamp="26 Jan 2019 07:12:18 GMT" time="0.002" errors="0">
  <testcase name="printB" time="0.002" classname="testngggggggggggggggpackageeeeeeeeeeeee.PrintB"/>
</testsuite> <!-- testngggggggggggggggpackageeeeeeeeeeeee.PrintB -->
