<?xml version="1.0" encoding="UTF-8"?>
<!-- Generated by org.testng.reporters.JUnitReportReporter -->
<testsuite skipped="0" hostname="Ajith-PC" name="testngggggggggggggggpackageeeeeeeeeeeee.AllAnnotationsDemo" tests="2" failures="0" timestamp="26 Jan 2019 06:50:46 GMT" time="0.020" errors="0">
  <testcase name="PrintA" time="0.016" classname="testngggggggggggggggpackageeeeeeeeeeeee.AllAnnotationsDemo"/>
  <testcase name="printB" time="0.004" classname="testngggggggggggggggpackageeeeeeeeeeeee.AllAnnotationsDemo"/>
</testsuite> <!-- testngggggggggggggggpackageeeeeeeeeeeee.AllAnnotationsDemo -->
