<?xml version="1.0" encoding="UTF-8"?>
<!-- Generated by org.testng.reporters.JUnitReportReporter -->
<testsuite skipped="0" hostname="Ajith-PC" name="ExcelFileDemo" tests="1" failures="0" timestamp="27 Jan 2019 09:22:17 GMT" time="0.723" errors="0">
  <testcase name="testLogin" time="0.723" classname="ExcelFileDemo"/>
</testsuite> <!-- ExcelFileDemo -->
