<?xml version="1.0" encoding="UTF-8"?>
<!-- Generated by org.testng.reporters.JUnitReportReporter -->
<testsuite skipped="0" hostname="Ajith-PC" name="DPUsingDataProvider" tests="3" failures="0" timestamp="26 Jan 2019 07:52:07 GMT" time="0.013" errors="0">
  <testcase name="testLogin" time="0.002" classname="DPUsingDataProvider"/>
  <testcase name="testLogin" time="0.002" classname="DPUsingDataProvider"/>
  <testcase name="testLogin" time="0.009" classname="DPUsingDataProvider"/>
</testsuite> <!-- DPUsingDataProvider -->
