<?xml version="1.0" encoding="UTF-8"?>
<!-- Generated by org.testng.reporters.JUnitReportReporter -->
<testsuite skipped="0" hostname="Ajith-PC" name="testngggggggggggggggpackageeeeeeeeeeeee.DPUsingSuiteFile" tests="1" failures="0" timestamp="20 Jan 2019 08:09:30 GMT" time="0.010" errors="0">
  <testcase name="testParameters" time="0.010" classname="testngggggggggggggggpackageeeeeeeeeeeee.DPUsingSuiteFile"/>
</testsuite> <!-- testngggggggggggggggpackageeeeeeeeeeeee.DPUsingSuiteFile -->
